<?xml version="1.0" encoding="UTF-8"?>
<testng-results ignored="0" total="3" passed="2" failed="1" skipped="0">
  <reporter-output>
  </reporter-output>
  <suite started-at="2022-07-24T14:22:53 IST" name="Suite" finished-at="2022-07-24T14:23:15 IST" duration-ms="22006">
    <groups>
    </groups>
    <test started-at="2022-07-24T14:22:53 IST" name="Test" finished-at="2022-07-24T14:23:15 IST" duration-ms="22006">
      <class name="Test_scenarios.TestSearchMethod">
        <test-method is-config="true" signature="beforeTest()[pri:0, instance:Test_scenarios.TestSearchMethod@33065d67]" started-at="2022-07-24T14:22:53 IST" name="beforeTest" finished-at="2022-07-24T14:23:02 IST" duration-ms="9627" status="PASS">
          <reporter-output>
          </reporter-output>
        </test-method> <!-- beforeTest -->
        <test-method signature="search()[pri:0, instance:Test_scenarios.TestSearchMethod@33065d67]" started-at="2022-07-24T14:23:02 IST" name="search" finished-at="2022-07-24T14:23:06 IST" duration-ms="3433" status="PASS">
          <reporter-output>
          </reporter-output>
        </test-method> <!-- search -->
        <test-method signature="verifyFacebookLink()[pri:1, instance:Test_scenarios.TestSearchMethod@33065d67]" started-at="2022-07-24T14:23:06 IST" name="verifyFacebookLink" finished-at="2022-07-24T14:23:09 IST" duration-ms="3224" status="PASS">
          <reporter-output>
          </reporter-output>
        </test-method> <!-- verifyFacebookLink -->
        <test-method signature="logintoFacebook()[pri:2, instance:Test_scenarios.TestSearchMethod@33065d67]" started-at="2022-07-24T14:23:09 IST" name="logintoFacebook" finished-at="2022-07-24T14:23:13 IST" duration-ms="3518" status="FAIL">
          <exception class="java.lang.AssertionError">
            <message>
              <![CDATA[expected [Facebook – log in or sign up] but found []]]>
            </message>
            <full-stacktrace>
              <![CDATA[java.lang.AssertionError: expected [Facebook – log in or sign up] but found []
at org.testng.Assert.fail(Assert.java:110)
at org.testng.Assert.failNotEquals(Assert.java:1413)
at org.testng.Assert.assertEqualsImpl(Assert.java:149)
at org.testng.Assert.assertEquals(Assert.java:131)
at org.testng.Assert.assertEquals(Assert.java:655)
at org.testng.Assert.assertEquals(Assert.java:665)
at objects.Facebookpage.clickOnLoginBtn(Facebookpage.java:44)
at Test_scenarios.TestSearchMethod.logintoFacebook(TestSearchMethod.java:52)
at java.base/jdk.internal.reflect.NativeMethodAccessorImpl.invoke0(Native Method)
at java.base/jdk.internal.reflect.NativeMethodAccessorImpl.invoke(Unknown Source)
at java.base/jdk.internal.reflect.DelegatingMethodAccessorImpl.invoke(Unknown Source)
at java.base/java.lang.reflect.Method.invoke(Unknown Source)
at org.testng.internal.invokers.MethodInvocationHelper.invokeMethod(MethodInvocationHelper.java:139)
at org.testng.internal.invokers.TestInvoker.invokeMethod(TestInvoker.java:677)
at org.testng.internal.invokers.TestInvoker.invokeTestMethod(TestInvoker.java:221)
at org.testng.internal.invokers.MethodRunner.runInSequence(MethodRunner.java:50)
at org.testng.internal.invokers.TestInvoker$MethodInvocationAgent.invoke(TestInvoker.java:962)
at org.testng.internal.invokers.TestInvoker.invokeTestMethods(TestInvoker.java:194)
at org.testng.internal.invokers.TestMethodWorker.invokeTestMethods(TestMethodWorker.java:148)
at org.testng.internal.invokers.TestMethodWorker.run(TestMethodWorker.java:128)
at java.base/java.util.ArrayList.forEach(Unknown Source)
at org.testng.TestRunner.privateRun(TestRunner.java:806)
at org.testng.TestRunner.run(TestRunner.java:601)
at org.testng.SuiteRunner.runTest(SuiteRunner.java:433)
at org.testng.SuiteRunner.runSequentially(SuiteRunner.java:427)
at org.testng.SuiteRunner.privateRun(SuiteRunner.java:387)
at org.testng.SuiteRunner.run(SuiteRunner.java:330)
at org.testng.SuiteRunnerWorker.runSuite(SuiteRunnerWorker.java:52)
at org.testng.SuiteRunnerWorker.run(SuiteRunnerWorker.java:95)
at org.testng.TestNG.runSuitesSequentially(TestNG.java:1256)
at org.testng.TestNG.runSuitesLocally(TestNG.java:1176)
at org.testng.TestNG.runSuites(TestNG.java:1099)
at org.testng.TestNG.run(TestNG.java:1067)
at org.testng.remote.AbstractRemoteTestNG.run(AbstractRemoteTestNG.java:115)
at org.testng.remote.RemoteTestNG.initAndRun(RemoteTestNG.java:251)
at org.testng.remote.RemoteTestNG.main(RemoteTestNG.java:77)
]]>
            </full-stacktrace>
          </exception> <!-- java.lang.AssertionError -->
          <reporter-output>
          </reporter-output>
        </test-method> <!-- logintoFacebook -->
        <test-method is-config="true" signature="afterTest()[pri:0, instance:Test_scenarios.TestSearchMethod@33065d67]" started-at="2022-07-24T14:23:13 IST" name="afterTest" finished-at="2022-07-24T14:23:15 IST" duration-ms="2120" status="PASS">
          <reporter-output>
          </reporter-output>
        </test-method> <!-- afterTest -->
      </class> <!-- Test_scenarios.TestSearchMethod -->
    </test> <!-- Test -->
  </suite> <!-- Suite -->
</testng-results>
